[INFO ] 2017-10-23 00:01:04.832 [main] ExcelHelper - Sheet Name:Sheet2
[INFO ] 2017-10-23 00:01:04.847 [main] ExcelHelper - total rows:3
[INFO ] 2017-10-23 00:01:04.847 [main] ExcelHelper - total cols:3
[INFO ] 2017-10-23 00:01:04.847 [main] ExcelHelper - Datadharapshah@gmail.com
[INFO ] 2017-10-23 00:01:04.847 [main] ExcelHelper - Datadhara12345
[INFO ] 2017-10-23 00:01:04.847 [main] ExcelHelper - DataFAIL
[INFO ] 2017-10-23 00:01:04.847 [main] ExcelHelper - total cols:3
[INFO ] 2017-10-23 00:01:04.847 [main] ExcelHelper - Datajack897@yahoo.com
[INFO ] 2017-10-23 00:01:04.847 [main] ExcelHelper - Data6866jbnbbkj
[INFO ] 2017-10-23 00:01:04.847 [main] ExcelHelper - DataFAIL
[INFO ] 2017-10-23 00:01:04.847 [main] ExcelHelper - total cols:3
[INFO ] 2017-10-23 00:01:04.847 [main] ExcelHelper - Datapranavindia2007@gmail.com
[INFO ] 2017-10-23 00:01:04.847 [main] ExcelHelper - Datavadnagar@123
[INFO ] 2017-10-23 00:01:04.847 [main] ExcelHelper - DataPASS
[INFO ] 2017-10-23 00:01:04.957 [main] WebDriverUtils - In get driver method - browser:Chrome
[INFO ] 2017-10-23 00:01:12.551 [main] WebDriverUtils - In get driver method - browser:Chrome
[INFO ] 2017-10-23 00:01:23.080 [main] WebDriverUtils - In get driver method - browser:Chrome
[INFO ] 2017-10-23 00:09:41.321 [main] ExcelHelper - Sheet Name:Sheet2
[INFO ] 2017-10-23 00:09:41.321 [main] ExcelHelper - total rows:3
[INFO ] 2017-10-23 00:09:41.321 [main] ExcelHelper - total cols:3
[INFO ] 2017-10-23 00:09:41.337 [main] ExcelHelper - Datadharapshah@gmail.com
[INFO ] 2017-10-23 00:09:41.337 [main] ExcelHelper - Datadhara12345
[INFO ] 2017-10-23 00:09:41.337 [main] ExcelHelper - DataFAIL
[INFO ] 2017-10-23 00:09:41.337 [main] ExcelHelper - total cols:3
[INFO ] 2017-10-23 00:09:41.337 [main] ExcelHelper - Datajack897@yahoo.com
[INFO ] 2017-10-23 00:09:41.337 [main] ExcelHelper - Data6866jbnbbkj
[INFO ] 2017-10-23 00:09:41.337 [main] ExcelHelper - DataFAIL
[INFO ] 2017-10-23 00:09:41.337 [main] ExcelHelper - total cols:3
[INFO ] 2017-10-23 00:09:41.337 [main] ExcelHelper - Datapranavindia2007@gmail.com
[INFO ] 2017-10-23 00:09:41.337 [main] ExcelHelper - Datavadnagar@123
[INFO ] 2017-10-23 00:09:41.337 [main] ExcelHelper - DataPASS
[INFO ] 2017-10-23 00:09:41.399 [main] WebDriverUtils - In get driver method - browser:Chrome
[INFO ] 2017-10-23 00:09:48.738 [main] WebDriverUtils - In get driver method - browser:Chrome
[INFO ] 2017-10-23 00:09:56.852 [main] WebDriverUtils - In get driver method - browser:Chrome
[INFO ] 2017-10-23 00:15:08.271 [main] ExcelHelper - Sheet Name:Sheet2
[INFO ] 2017-10-23 00:15:08.271 [main] ExcelHelper - total rows:3
[INFO ] 2017-10-23 00:15:08.271 [main] ExcelHelper - total cols:3
[INFO ] 2017-10-23 00:15:08.287 [main] ExcelHelper - Datadharapshah@gmail.com
[INFO ] 2017-10-23 00:15:08.287 [main] ExcelHelper - Datadhara12345
[INFO ] 2017-10-23 00:15:08.287 [main] ExcelHelper - DataFAIL
[INFO ] 2017-10-23 00:15:08.287 [main] ExcelHelper - total cols:3
[INFO ] 2017-10-23 00:15:08.287 [main] ExcelHelper - Datajack897@yahoo.com
[INFO ] 2017-10-23 00:15:08.287 [main] ExcelHelper - Data6866jbnbbkj
[INFO ] 2017-10-23 00:15:08.287 [main] ExcelHelper - DataFAIL
[INFO ] 2017-10-23 00:15:08.287 [main] ExcelHelper - total cols:3
[INFO ] 2017-10-23 00:15:08.287 [main] ExcelHelper - Datapranavindia2007@gmail.com
[INFO ] 2017-10-23 00:15:08.287 [main] ExcelHelper - Datavadnagar@123
[INFO ] 2017-10-23 00:15:08.287 [main] ExcelHelper - DataPASS
[INFO ] 2017-10-23 00:15:08.365 [main] WebDriverUtils - In get driver method - browser:Chrome
[INFO ] 2017-10-23 00:15:19.468 [main] WebDriverUtils - In get driver method - browser:Chrome
[INFO ] 2017-10-23 00:15:30.043 [main] WebDriverUtils - In get driver method - browser:Chrome
[INFO ] 2017-10-23 00:18:12.850 [main] ExcelHelper - Sheet Name:Sheet2
[INFO ] 2017-10-23 00:18:12.850 [main] ExcelHelper - total rows:3
[INFO ] 2017-10-23 00:18:12.850 [main] ExcelHelper - total cols:3
[INFO ] 2017-10-23 00:18:12.865 [main] ExcelHelper - Datadharapshah@gmail.com
[INFO ] 2017-10-23 00:18:12.865 [main] ExcelHelper - Datadhara12345
[INFO ] 2017-10-23 00:18:12.865 [main] ExcelHelper - DataFAIL
[INFO ] 2017-10-23 00:18:12.865 [main] ExcelHelper - total cols:3
[INFO ] 2017-10-23 00:18:12.865 [main] ExcelHelper - Datajack897@yahoo.com
[INFO ] 2017-10-23 00:18:12.865 [main] ExcelHelper - Data6866jbnbbkj
[INFO ] 2017-10-23 00:18:12.865 [main] ExcelHelper - DataFAIL
[INFO ] 2017-10-23 00:18:12.865 [main] ExcelHelper - total cols:3
[INFO ] 2017-10-23 00:18:12.865 [main] ExcelHelper - Datapranavindia2007@gmail.com
[INFO ] 2017-10-23 00:18:12.865 [main] ExcelHelper - Datavadnagar@123
[INFO ] 2017-10-23 00:18:12.865 [main] ExcelHelper - DataPASS
[INFO ] 2017-10-23 00:18:12.943 [main] WebDriverUtils - In get driver method - browser:Chrome
[INFO ] 2017-10-23 00:18:27.430 [main] WebDriverUtils - In get driver method - browser:Chrome
[INFO ] 2017-10-23 00:18:40.883 [main] WebDriverUtils - In get driver method - browser:Chrome
[INFO ] 2017-10-23 00:22:42.935 [main] ExcelHelper - Sheet Name:Sheet2
[INFO ] 2017-10-23 00:22:42.938 [main] ExcelHelper - total rows:3
[INFO ] 2017-10-23 00:22:42.938 [main] ExcelHelper - total cols:3
[INFO ] 2017-10-23 00:22:42.944 [main] ExcelHelper - Datadharapshah@gmail.com
[INFO ] 2017-10-23 00:22:42.944 [main] ExcelHelper - Datadhara12345
[INFO ] 2017-10-23 00:22:42.946 [main] ExcelHelper - DataSign in or Register | eBay
[INFO ] 2017-10-23 00:22:42.946 [main] ExcelHelper - total cols:3
[INFO ] 2017-10-23 00:22:42.946 [main] ExcelHelper - Datajack897@yahoo.com
[INFO ] 2017-10-23 00:22:42.946 [main] ExcelHelper - Data6866jbnbbkj
[INFO ] 2017-10-23 00:22:42.946 [main] ExcelHelper - DataSign in or Register | eBay
[INFO ] 2017-10-23 00:22:42.946 [main] ExcelHelper - total cols:3
[INFO ] 2017-10-23 00:22:42.946 [main] ExcelHelper - Datapranavindia2007@gmail.com
[INFO ] 2017-10-23 00:22:42.946 [main] ExcelHelper - Datavadnagar@123
[INFO ] 2017-10-23 00:22:42.946 [main] ExcelHelper - DataElectronics, Cars, Fashion, Collectibles, Coupons and More | eBay
[INFO ] 2017-10-23 00:22:43.024 [main] WebDriverUtils - In get driver method - browser:Chrome
[INFO ] 2017-10-23 00:22:58.204 [main] WebDriverUtils - In get driver method - browser:Chrome
[INFO ] 2017-10-23 00:23:25.852 [main] WebDriverUtils - In get driver method - browser:Chrome
